{"/home/ubuser/projects/frontend-project-46/src/buildDiffTrees.js": {"path":"/home/ubuser/projects/frontend-project-46/src/buildDiffTrees.js","all":false,"statementMap":{"0":{"start":{"line":1,"column":0},"end":{"line":1,"column":23}},"1":{"start":{"line":2,"column":0},"end":{"line":2,"column":41}},"2":{"start":{"line":3,"column":0},"end":{"line":3,"column":0}},"3":{"start":{"line":4,"column":0},"end":{"line":4,"column":37}},"4":{"start":{"line":5,"column":0},"end":{"line":5,"column":0}},"5":{"start":{"line":6,"column":0},"end":{"line":6,"column":47}},"6":{"start":{"line":7,"column":0},"end":{"line":7,"column":78}},"7":{"start":{"line":8,"column":0},"end":{"line":8,"column":0}},"8":{"start":{"line":9,"column":0},"end":{"line":9,"column":45}},"9":{"start":{"line":10,"column":0},"end":{"line":10,"column":45}},"10":{"start":{"line":11,"column":0},"end":{"line":11,"column":71}},"11":{"start":{"line":12,"column":0},"end":{"line":12,"column":5}},"12":{"start":{"line":13,"column":0},"end":{"line":13,"column":45}},"13":{"start":{"line":14,"column":0},"end":{"line":14,"column":71}},"14":{"start":{"line":15,"column":0},"end":{"line":15,"column":5}},"15":{"start":{"line":16,"column":0},"end":{"line":16,"column":52}},"16":{"start":{"line":17,"column":0},"end":{"line":17,"column":14}},"17":{"start":{"line":18,"column":0},"end":{"line":18,"column":66}},"18":{"start":{"line":19,"column":0},"end":{"line":19,"column":66}},"19":{"start":{"line":20,"column":0},"end":{"line":20,"column":8}},"20":{"start":{"line":21,"column":0},"end":{"line":21,"column":5}},"21":{"start":{"line":22,"column":0},"end":{"line":22,"column":69}},"22":{"start":{"line":23,"column":0},"end":{"line":23,"column":5}},"23":{"start":{"line":24,"column":0},"end":{"line":24,"column":39}},"24":{"start":{"line":25,"column":0},"end":{"line":25,"column":14}},"25":{"start":{"line":26,"column":0},"end":{"line":26,"column":2}},"26":{"start":{"line":27,"column":0},"end":{"line":27,"column":0}},"27":{"start":{"line":28,"column":0},"end":{"line":28,"column":27}}},"s":{"0":1,"1":1,"2":1,"3":1,"4":1,"5":1,"6":2,"7":2,"8":2,"9":10,"10":2,"11":2,"12":10,"13":4,"14":4,"15":10,"16":2,"17":2,"18":2,"19":2,"20":2,"21":2,"22":2,"23":2,"24":2,"25":2,"26":1,"27":1},"branchMap":{"0":{"type":"branch","line":4,"loc":{"start":{"line":4,"column":17},"end":{"line":4,"column":36}},"locations":[{"start":{"line":4,"column":17},"end":{"line":4,"column":36}}]},"1":{"type":"branch","line":6,"loc":{"start":{"line":6,"column":20},"end":{"line":26,"column":2}},"locations":[{"start":{"line":6,"column":20},"end":{"line":26,"column":2}}]},"2":{"type":"branch","line":9,"loc":{"start":{"line":9,"column":32},"end":{"line":23,"column":3}},"locations":[{"start":{"line":9,"column":32},"end":{"line":23,"column":3}}]},"3":{"type":"branch","line":10,"loc":{"start":{"line":10,"column":44},"end":{"line":12,"column":5}},"locations":[{"start":{"line":10,"column":44},"end":{"line":12,"column":5}}]},"4":{"type":"branch","line":12,"loc":{"start":{"line":12,"column":4},"end":{"line":13,"column":44}},"locations":[{"start":{"line":12,"column":4},"end":{"line":13,"column":44}}]},"5":{"type":"branch","line":13,"loc":{"start":{"line":13,"column":44},"end":{"line":16,"column":51}},"locations":[{"start":{"line":13,"column":44},"end":{"line":16,"column":51}}]},"6":{"type":"branch","line":16,"loc":{"start":{"line":16,"column":51},"end":{"line":23,"column":3}},"locations":[{"start":{"line":16,"column":51},"end":{"line":23,"column":3}}]}},"b":{"0":[4],"1":[2],"2":[10],"3":[2],"4":[8],"5":[4],"6":[2]},"fnMap":{"0":{"name":"getKeys","decl":{"start":{"line":4,"column":17},"end":{"line":4,"column":36}},"loc":{"start":{"line":4,"column":17},"end":{"line":4,"column":36}},"line":4},"1":{"name":"compareTree","decl":{"start":{"line":6,"column":20},"end":{"line":26,"column":2}},"loc":{"start":{"line":6,"column":20},"end":{"line":26,"column":2}},"line":6}},"f":{"0":4,"1":2}}
,"/home/ubuser/projects/frontend-project-46/src/compare.js": {"path":"/home/ubuser/projects/frontend-project-46/src/compare.js","all":false,"statementMap":{"0":{"start":{"line":1,"column":0},"end":{"line":1,"column":34}},"1":{"start":{"line":2,"column":0},"end":{"line":2,"column":24}},"2":{"start":{"line":3,"column":0},"end":{"line":3,"column":46}},"3":{"start":{"line":4,"column":0},"end":{"line":4,"column":32}},"4":{"start":{"line":5,"column":0},"end":{"line":5,"column":0}},"5":{"start":{"line":6,"column":0},"end":{"line":6,"column":75}},"6":{"start":{"line":7,"column":0},"end":{"line":7,"column":55}},"7":{"start":{"line":8,"column":0},"end":{"line":8,"column":91}},"8":{"start":{"line":9,"column":0},"end":{"line":9,"column":0}},"9":{"start":{"line":10,"column":0},"end":{"line":10,"column":43}},"10":{"start":{"line":11,"column":0},"end":{"line":11,"column":54}},"11":{"start":{"line":12,"column":0},"end":{"line":12,"column":54}},"12":{"start":{"line":13,"column":0},"end":{"line":13,"column":45}},"13":{"start":{"line":14,"column":0},"end":{"line":14,"column":0}},"14":{"start":{"line":15,"column":0},"end":{"line":15,"column":14}},"15":{"start":{"line":16,"column":0},"end":{"line":16,"column":2}},"16":{"start":{"line":17,"column":0},"end":{"line":17,"column":0}},"17":{"start":{"line":18,"column":0},"end":{"line":18,"column":23}}},"s":{"0":1,"1":1,"2":1,"3":1,"4":1,"5":1,"6":1,"7":1,"8":1,"9":1,"10":3,"11":3,"12":3,"13":3,"14":3,"15":3,"16":1,"17":1},"branchMap":{"0":{"type":"branch","line":6,"loc":{"start":{"line":6,"column":24},"end":{"line":6,"column":74}},"locations":[{"start":{"line":6,"column":24},"end":{"line":6,"column":74}}]},"1":{"type":"branch","line":7,"loc":{"start":{"line":7,"column":19},"end":{"line":7,"column":54}},"locations":[{"start":{"line":7,"column":19},"end":{"line":7,"column":54}}]},"2":{"type":"branch","line":8,"loc":{"start":{"line":8,"column":18},"end":{"line":8,"column":90}},"locations":[{"start":{"line":8,"column":18},"end":{"line":8,"column":90}}]},"3":{"type":"branch","line":10,"loc":{"start":{"line":10,"column":16},"end":{"line":16,"column":2}},"locations":[{"start":{"line":10,"column":16},"end":{"line":16,"column":2}}]}},"b":{"0":[5],"1":[5],"2":[5],"3":[3]},"fnMap":{"0":{"name":"getAbsolutPath","decl":{"start":{"line":6,"column":24},"end":{"line":6,"column":74}},"loc":{"start":{"line":6,"column":24},"end":{"line":6,"column":74}},"line":6},"1":{"name":"getFormat","decl":{"start":{"line":7,"column":19},"end":{"line":7,"column":54}},"loc":{"start":{"line":7,"column":19},"end":{"line":7,"column":54}},"line":7},"2":{"name":"readFile","decl":{"start":{"line":8,"column":18},"end":{"line":8,"column":90}},"loc":{"start":{"line":8,"column":18},"end":{"line":8,"column":90}},"line":8},"3":{"name":"compare","decl":{"start":{"line":10,"column":16},"end":{"line":16,"column":2}},"loc":{"start":{"line":10,"column":16},"end":{"line":16,"column":2}},"line":10}},"f":{"0":5,"1":5,"2":5,"3":3}}
,"/home/ubuser/projects/frontend-project-46/src/parses.js": {"path":"/home/ubuser/projects/frontend-project-46/src/parses.js","all":false,"statementMap":{"0":{"start":{"line":1,"column":0},"end":{"line":1,"column":27}},"1":{"start":{"line":2,"column":0},"end":{"line":2,"column":0}},"2":{"start":{"line":3,"column":0},"end":{"line":3,"column":33}},"3":{"start":{"line":4,"column":0},"end":{"line":4,"column":19}},"4":{"start":{"line":5,"column":0},"end":{"line":5,"column":17}},"5":{"start":{"line":6,"column":0},"end":{"line":6,"column":30}},"6":{"start":{"line":7,"column":0},"end":{"line":7,"column":16}},"7":{"start":{"line":8,"column":0},"end":{"line":8,"column":17}},"8":{"start":{"line":9,"column":0},"end":{"line":9,"column":29}},"9":{"start":{"line":10,"column":0},"end":{"line":10,"column":12}},"10":{"start":{"line":11,"column":0},"end":{"line":11,"column":62}},"11":{"start":{"line":12,"column":0},"end":{"line":12,"column":3}},"12":{"start":{"line":13,"column":0},"end":{"line":13,"column":2}},"13":{"start":{"line":14,"column":0},"end":{"line":14,"column":21}}},"s":{"0":1,"1":1,"2":1,"3":5,"4":5,"5":2,"6":5,"7":5,"8":2,"9":5,"10":1,"11":5,"12":5,"13":1},"branchMap":{"0":{"type":"branch","line":3,"loc":{"start":{"line":3,"column":14},"end":{"line":13,"column":2}},"locations":[{"start":{"line":3,"column":14},"end":{"line":13,"column":2}}]},"1":{"type":"branch","line":5,"loc":{"start":{"line":5,"column":4},"end":{"line":6,"column":30}},"locations":[{"start":{"line":5,"column":4},"end":{"line":6,"column":30}}]},"2":{"type":"branch","line":7,"loc":{"start":{"line":7,"column":4},"end":{"line":7,"column":16}},"locations":[{"start":{"line":7,"column":4},"end":{"line":7,"column":16}}]},"3":{"type":"branch","line":8,"loc":{"start":{"line":8,"column":4},"end":{"line":9,"column":29}},"locations":[{"start":{"line":8,"column":4},"end":{"line":9,"column":29}}]},"4":{"type":"branch","line":10,"loc":{"start":{"line":10,"column":4},"end":{"line":11,"column":62}},"locations":[{"start":{"line":10,"column":4},"end":{"line":11,"column":62}}]}},"b":{"0":[5],"1":[2],"2":[0],"3":[2],"4":[1]},"fnMap":{"0":{"name":"parse","decl":{"start":{"line":3,"column":14},"end":{"line":13,"column":2}},"loc":{"start":{"line":3,"column":14},"end":{"line":13,"column":2}},"line":3}},"f":{"0":5}}
,"/home/ubuser/projects/frontend-project-46/src/utils.js": {"path":"/home/ubuser/projects/frontend-project-46/src/utils.js","all":false,"statementMap":{"0":{"start":{"line":1,"column":0},"end":{"line":1,"column":23}},"1":{"start":{"line":2,"column":0},"end":{"line":2,"column":0}},"2":{"start":{"line":3,"column":0},"end":{"line":3,"column":34}},"3":{"start":{"line":4,"column":0},"end":{"line":4,"column":73}},"4":{"start":{"line":5,"column":0},"end":{"line":5,"column":60}},"5":{"start":{"line":6,"column":0},"end":{"line":6,"column":35}},"6":{"start":{"line":7,"column":0},"end":{"line":7,"column":29}},"7":{"start":{"line":8,"column":0},"end":{"line":8,"column":2}},"8":{"start":{"line":9,"column":0},"end":{"line":9,"column":0}},"9":{"start":{"line":10,"column":0},"end":{"line":10,"column":31}}},"s":{"0":1,"1":1,"2":1,"3":2,"4":2,"5":2,"6":2,"7":2,"8":1,"9":1},"branchMap":{"0":{"type":"branch","line":3,"loc":{"start":{"line":3,"column":25},"end":{"line":8,"column":2}},"locations":[{"start":{"line":3,"column":25},"end":{"line":8,"column":2}}]},"1":{"type":"branch","line":4,"loc":{"start":{"line":4,"column":42},"end":{"line":4,"column":71}},"locations":[{"start":{"line":4,"column":42},"end":{"line":4,"column":71}}]},"2":{"type":"branch","line":5,"loc":{"start":{"line":5,"column":26},"end":{"line":5,"column":58}},"locations":[{"start":{"line":5,"column":26},"end":{"line":5,"column":58}}]}},"b":{"0":[2],"1":[12],"2":[12]},"fnMap":{"0":{"name":"getStringFormat","decl":{"start":{"line":3,"column":25},"end":{"line":8,"column":2}},"loc":{"start":{"line":3,"column":25},"end":{"line":8,"column":2}},"line":3}},"f":{"0":2}}
}
