{"/home/ubuser/projects/frontend-project-46/src/buildDiffTrees.js": {"path":"/home/ubuser/projects/frontend-project-46/src/buildDiffTrees.js","all":false,"statementMap":{"0":{"start":{"line":1,"column":0},"end":{"line":1,"column":23}},"1":{"start":{"line":2,"column":0},"end":{"line":2,"column":46}},"2":{"start":{"line":3,"column":0},"end":{"line":3,"column":0}},"3":{"start":{"line":4,"column":0},"end":{"line":4,"column":37}},"4":{"start":{"line":5,"column":0},"end":{"line":5,"column":0}},"5":{"start":{"line":6,"column":0},"end":{"line":6,"column":47}},"6":{"start":{"line":7,"column":0},"end":{"line":7,"column":78}},"7":{"start":{"line":8,"column":0},"end":{"line":8,"column":0}},"8":{"start":{"line":9,"column":0},"end":{"line":9,"column":45}},"9":{"start":{"line":10,"column":0},"end":{"line":10,"column":45}},"10":{"start":{"line":11,"column":0},"end":{"line":11,"column":71}},"11":{"start":{"line":12,"column":0},"end":{"line":12,"column":5}},"12":{"start":{"line":13,"column":0},"end":{"line":13,"column":45}},"13":{"start":{"line":14,"column":0},"end":{"line":14,"column":71}},"14":{"start":{"line":15,"column":0},"end":{"line":15,"column":5}},"15":{"start":{"line":16,"column":0},"end":{"line":16,"column":52}},"16":{"start":{"line":17,"column":0},"end":{"line":17,"column":14}},"17":{"start":{"line":18,"column":0},"end":{"line":18,"column":66}},"18":{"start":{"line":19,"column":0},"end":{"line":19,"column":66}},"19":{"start":{"line":20,"column":0},"end":{"line":20,"column":8}},"20":{"start":{"line":21,"column":0},"end":{"line":21,"column":5}},"21":{"start":{"line":22,"column":0},"end":{"line":22,"column":69}},"22":{"start":{"line":23,"column":0},"end":{"line":23,"column":5}},"23":{"start":{"line":24,"column":0},"end":{"line":24,"column":39}},"24":{"start":{"line":25,"column":0},"end":{"line":25,"column":14}},"25":{"start":{"line":26,"column":0},"end":{"line":26,"column":2}},"26":{"start":{"line":27,"column":0},"end":{"line":27,"column":0}},"27":{"start":{"line":28,"column":0},"end":{"line":28,"column":27}}},"s":{"0":1,"1":1,"2":1,"3":1,"4":1,"5":1,"6":1,"7":1,"8":1,"9":5,"10":1,"11":1,"12":5,"13":2,"14":2,"15":5,"16":1,"17":1,"18":1,"19":1,"20":1,"21":1,"22":1,"23":1,"24":1,"25":1,"26":1,"27":1},"branchMap":{"0":{"type":"branch","line":4,"loc":{"start":{"line":4,"column":17},"end":{"line":4,"column":36}},"locations":[{"start":{"line":4,"column":17},"end":{"line":4,"column":36}}]},"1":{"type":"branch","line":6,"loc":{"start":{"line":6,"column":20},"end":{"line":26,"column":2}},"locations":[{"start":{"line":6,"column":20},"end":{"line":26,"column":2}}]},"2":{"type":"branch","line":9,"loc":{"start":{"line":9,"column":32},"end":{"line":23,"column":3}},"locations":[{"start":{"line":9,"column":32},"end":{"line":23,"column":3}}]},"3":{"type":"branch","line":10,"loc":{"start":{"line":10,"column":44},"end":{"line":12,"column":5}},"locations":[{"start":{"line":10,"column":44},"end":{"line":12,"column":5}}]},"4":{"type":"branch","line":12,"loc":{"start":{"line":12,"column":4},"end":{"line":13,"column":44}},"locations":[{"start":{"line":12,"column":4},"end":{"line":13,"column":44}}]},"5":{"type":"branch","line":13,"loc":{"start":{"line":13,"column":44},"end":{"line":16,"column":51}},"locations":[{"start":{"line":13,"column":44},"end":{"line":16,"column":51}}]},"6":{"type":"branch","line":16,"loc":{"start":{"line":16,"column":51},"end":{"line":23,"column":3}},"locations":[{"start":{"line":16,"column":51},"end":{"line":23,"column":3}}]}},"b":{"0":[2],"1":[1],"2":[5],"3":[1],"4":[4],"5":[2],"6":[1]},"fnMap":{"0":{"name":"getKeys","decl":{"start":{"line":4,"column":17},"end":{"line":4,"column":36}},"loc":{"start":{"line":4,"column":17},"end":{"line":4,"column":36}},"line":4},"1":{"name":"compareTree","decl":{"start":{"line":6,"column":20},"end":{"line":26,"column":2}},"loc":{"start":{"line":6,"column":20},"end":{"line":26,"column":2}},"line":6}},"f":{"0":2,"1":1}}
,"/home/ubuser/projects/frontend-project-46/src/compare.js": {"path":"/home/ubuser/projects/frontend-project-46/src/compare.js","all":false,"statementMap":{"0":{"start":{"line":1,"column":0},"end":{"line":1,"column":34}},"1":{"start":{"line":2,"column":0},"end":{"line":2,"column":39}},"2":{"start":{"line":3,"column":0},"end":{"line":3,"column":46}},"3":{"start":{"line":4,"column":0},"end":{"line":4,"column":0}},"4":{"start":{"line":5,"column":0},"end":{"line":5,"column":43}},"5":{"start":{"line":6,"column":0},"end":{"line":6,"column":48}},"6":{"start":{"line":7,"column":0},"end":{"line":7,"column":48}},"7":{"start":{"line":8,"column":0},"end":{"line":8,"column":37}},"8":{"start":{"line":9,"column":0},"end":{"line":9,"column":37}},"9":{"start":{"line":10,"column":0},"end":{"line":10,"column":51}},"10":{"start":{"line":11,"column":0},"end":{"line":11,"column":0}},"11":{"start":{"line":12,"column":0},"end":{"line":12,"column":14}},"12":{"start":{"line":13,"column":0},"end":{"line":13,"column":2}},"13":{"start":{"line":14,"column":0},"end":{"line":14,"column":0}},"14":{"start":{"line":15,"column":0},"end":{"line":15,"column":23}}},"s":{"0":1,"1":1,"2":1,"3":1,"4":1,"5":1,"6":1,"7":1,"8":1,"9":1,"10":1,"11":1,"12":1,"13":1,"14":1},"branchMap":{"0":{"type":"branch","line":5,"loc":{"start":{"line":5,"column":16},"end":{"line":13,"column":2}},"locations":[{"start":{"line":5,"column":16},"end":{"line":13,"column":2}}]}},"b":{"0":[1]},"fnMap":{"0":{"name":"compare","decl":{"start":{"line":5,"column":16},"end":{"line":13,"column":2}},"loc":{"start":{"line":5,"column":16},"end":{"line":13,"column":2}},"line":5}},"f":{"0":1}}
,"/home/ubuser/projects/frontend-project-46/src/parses.js": {"path":"/home/ubuser/projects/frontend-project-46/src/parses.js","all":false,"statementMap":{"0":{"start":{"line":1,"column":0},"end":{"line":1,"column":23}},"1":{"start":{"line":2,"column":0},"end":{"line":2,"column":0}},"2":{"start":{"line":3,"column":0},"end":{"line":3,"column":44}},"3":{"start":{"line":4,"column":0},"end":{"line":4,"column":0}},"4":{"start":{"line":5,"column":0},"end":{"line":5,"column":34}},"5":{"start":{"line":6,"column":0},"end":{"line":6,"column":73}},"6":{"start":{"line":7,"column":0},"end":{"line":7,"column":60}},"7":{"start":{"line":8,"column":0},"end":{"line":8,"column":35}},"8":{"start":{"line":9,"column":0},"end":{"line":9,"column":29}},"9":{"start":{"line":10,"column":0},"end":{"line":10,"column":2}},"10":{"start":{"line":11,"column":0},"end":{"line":11,"column":0}},"11":{"start":{"line":12,"column":0},"end":{"line":12,"column":37}}},"s":{"0":1,"1":1,"2":1,"3":1,"4":1,"5":1,"6":1,"7":1,"8":1,"9":1,"10":1,"11":1},"branchMap":{"0":{"type":"branch","line":3,"loc":{"start":{"line":3,"column":18},"end":{"line":3,"column":43}},"locations":[{"start":{"line":3,"column":18},"end":{"line":3,"column":43}}]},"1":{"type":"branch","line":5,"loc":{"start":{"line":5,"column":25},"end":{"line":10,"column":2}},"locations":[{"start":{"line":5,"column":25},"end":{"line":10,"column":2}}]},"2":{"type":"branch","line":6,"loc":{"start":{"line":6,"column":42},"end":{"line":6,"column":71}},"locations":[{"start":{"line":6,"column":42},"end":{"line":6,"column":71}}]},"3":{"type":"branch","line":7,"loc":{"start":{"line":7,"column":26},"end":{"line":7,"column":58}},"locations":[{"start":{"line":7,"column":26},"end":{"line":7,"column":58}}]}},"b":{"0":[2],"1":[1],"2":[6],"3":[6]},"fnMap":{"0":{"name":"getParse","decl":{"start":{"line":3,"column":18},"end":{"line":3,"column":43}},"loc":{"start":{"line":3,"column":18},"end":{"line":3,"column":43}},"line":3},"1":{"name":"getStringFormat","decl":{"start":{"line":5,"column":25},"end":{"line":10,"column":2}},"loc":{"start":{"line":5,"column":25},"end":{"line":10,"column":2}},"line":5}},"f":{"0":2,"1":1}}
}
