TN:
SF:src/buildDiffTrees.js
FN:4,getKeys
FN:6,compareTree
FNF:2
FNH:2
FNDA:2,getKeys
FNDA:1,compareTree
DA:1,1
DA:2,1
DA:3,1
DA:4,1
DA:5,1
DA:6,1
DA:7,1
DA:8,1
DA:9,1
DA:10,5
DA:11,1
DA:12,1
DA:13,5
DA:14,2
DA:15,2
DA:16,5
DA:17,1
DA:18,1
DA:19,1
DA:20,1
DA:21,1
DA:22,1
DA:23,1
DA:24,1
DA:25,1
DA:26,1
DA:27,1
DA:28,1
LF:28
LH:28
BRDA:4,0,0,2
BRDA:6,1,0,1
BRDA:9,2,0,5
BRDA:10,3,0,1
BRDA:12,4,0,4
BRDA:13,5,0,2
BRDA:16,6,0,1
BRF:7
BRH:7
end_of_record
TN:
SF:src/compare.js
FN:5,compare
FNF:1
FNH:1
FNDA:1,compare
DA:1,1
DA:2,1
DA:3,1
DA:4,1
DA:5,1
DA:6,1
DA:7,1
DA:8,1
DA:9,1
DA:10,1
DA:11,1
DA:12,1
DA:13,1
DA:14,1
DA:15,1
LF:15
LH:15
BRDA:5,0,0,1
BRF:1
BRH:1
end_of_record
TN:
SF:src/parses.js
FN:3,getParse
FN:5,getStringFormat
FNF:2
FNH:2
FNDA:2,getParse
FNDA:1,getStringFormat
DA:1,1
DA:2,1
DA:3,1
DA:4,1
DA:5,1
DA:6,1
DA:7,1
DA:8,1
DA:9,1
DA:10,1
DA:11,1
DA:12,1
LF:12
LH:12
BRDA:3,0,0,2
BRDA:5,1,0,1
BRDA:6,2,0,6
BRDA:7,3,0,6
BRF:4
BRH:4
end_of_record
