TN:
SF:src/buildDiffTrees.js
FN:4,getKeys
FN:6,compareTree
FNF:2
FNH:2
FNDA:4,getKeys
FNDA:2,compareTree
DA:1,1
DA:2,1
DA:3,1
DA:4,1
DA:5,1
DA:6,1
DA:7,2
DA:8,2
DA:9,2
DA:10,10
DA:11,2
DA:12,2
DA:13,10
DA:14,4
DA:15,4
DA:16,10
DA:17,2
DA:18,2
DA:19,2
DA:20,2
DA:21,2
DA:22,2
DA:23,2
DA:24,2
DA:25,2
DA:26,2
DA:27,1
DA:28,1
LF:28
LH:28
BRDA:4,0,0,4
BRDA:6,1,0,2
BRDA:9,2,0,10
BRDA:10,3,0,2
BRDA:12,4,0,8
BRDA:13,5,0,4
BRDA:16,6,0,2
BRF:7
BRH:7
end_of_record
TN:
SF:src/compare.js
FN:6,getAbsolutPath
FN:7,getFormat
FN:8,readFile
FN:10,compare
FNF:4
FNH:4
FNDA:5,getAbsolutPath
FNDA:5,getFormat
FNDA:5,readFile
FNDA:3,compare
DA:1,1
DA:2,1
DA:3,1
DA:4,1
DA:5,1
DA:6,1
DA:7,1
DA:8,1
DA:9,1
DA:10,1
DA:11,3
DA:12,3
DA:13,3
DA:14,3
DA:15,3
DA:16,3
DA:17,1
DA:18,1
LF:18
LH:18
BRDA:6,0,0,5
BRDA:7,1,0,5
BRDA:8,2,0,5
BRDA:10,3,0,3
BRF:4
BRH:4
end_of_record
TN:
SF:src/parses.js
FN:3,parse
FNF:1
FNH:1
FNDA:5,parse
DA:1,1
DA:2,1
DA:3,1
DA:4,5
DA:5,5
DA:6,2
DA:7,5
DA:8,5
DA:9,2
DA:10,5
DA:11,1
DA:12,5
DA:13,5
DA:14,1
LF:14
LH:14
BRDA:3,0,0,5
BRDA:5,1,0,2
BRDA:7,2,0,0
BRDA:8,3,0,2
BRDA:10,4,0,1
BRF:5
BRH:4
end_of_record
TN:
SF:src/utils.js
FN:3,getStringFormat
FNF:1
FNH:1
FNDA:2,getStringFormat
DA:1,1
DA:2,1
DA:3,1
DA:4,2
DA:5,2
DA:6,2
DA:7,2
DA:8,2
DA:9,1
DA:10,1
LF:10
LH:10
BRDA:3,0,0,2
BRDA:4,1,0,12
BRDA:5,2,0,12
BRF:3
BRH:3
end_of_record
